<?xml version="1.0" encoding="UTF-8"?>
<!-- Generated by org.testng.reporters.JUnitReportReporter -->
<testsuite hostname="Ant-KuldeepSingh-ATR1063" failures="0" tests="3" name="tests.AddAndVerifyWebsiteTest" time="64.216" errors="0" timestamp="2024-10-01T10:00:39 IST" skipped="1">
  <testcase classname="tests.AddAndVerifyWebsiteTest" name="toCreateAndAddWebsite" time="39.269"/>
  <system-out/>
  <testcase classname="tests.AddAndVerifyWebsiteTest" name="toVerifyWebsite" time="24.947"/>
  <system-out/>
  <testcase classname="tests.AddAndVerifyWebsiteTest" name="toVerifySiteNicknameOnMyWebsites">
    <skipped/>
  </testcase> <!-- toVerifySiteNicknameOnMyWebsites -->
  <system-out/>
</testsuite> <!-- tests.AddAndVerifyWebsiteTest -->
